<?xml version="1.0" encoding="UTF-8"?>
<testsuite name="proj21_shoes.mapper.ProductMapperTest" tests="1" skipped="0" failures="0" errors="0" timestamp="2021-06-04T08:18:55" hostname="CLASS202-19" time="0.036">
  <properties/>
  <testcase name="testProductByAll" classname="proj21_shoes.mapper.ProductMapperTest" time="0.036"/>
  <system-out><![CDATA[DEBUG [Test worker] - ==>  Preparing: select * from product p join brand b on p.brand_code = b.brand_code join category c on c.product_category_code =p.product_category_code join productpost p2 on p2.product_code = p.product_code WHERE p.brand_code = ?
DEBUG [Test worker] - ==> Parameters: 1(Integer)
TRACE [Test worker] - <==    Columns: product_code, product_name, brand_code, gender, product_category_code, material, season, made_date, costPrice, sell_Price, regist_date, cumulative_regist_count, cumulative_sell_count, emp_number, brand_code, brand_name, brand_eng_name, product_category_code, category, product_code, product_main_image, content
TRACE [Test worker] - <==        Row: 1, 상품명, 1, 남, 1, 소재, 계절, 2021-06-01 14:58:13.0, 50000, 60000, 2021-06-01 14:58:13.0, 1, 1, 1, 1, 나이키, NIKE, 1, 슬리퍼, 1, <<BLOB>>, 내용
DEBUG [Test worker] - <==      Total: 1
DEBUG [Test worker] - [Product [productCode=1, productName=상품명, brand=Brand [brandCode=1, brandName=나이키, brandEngName=NIKE], gender=남, category=Category [productCategoryCode=1, category=슬리퍼], material=소재, season=계절, madeDate=2021-06-01T14:58:13, costPrice=50000, sellPrice=60000, registDate=2021-06-01T14:58:13, cumulativeRegistCount=1, cumulativeSellCount=1, employee=null, orderOptions=null, productPost=ProductPost [productCode=1, productMainImage=[-20, -125, -127, -19, -110, -120, -21, -116, -128, -19, -111, -100, -20, -99, -76, -21, -81, -72, -20, -89, -128], content=내용, images=null]]]

]]></system-out>
  <system-err><![CDATA[]]></system-err>
</testsuite>
