<?xml version="1.0" encoding="UTF-8"?>
<testsuite name="proj21_shoes.LibraryTest" tests="1" skipped="0" failures="0" errors="0" timestamp="2021-05-31T06:17:09" hostname="CLASS202-19" time="0.003">
  <properties/>
  <testcase name="testSomeLibraryMethod" classname="proj21_shoes.LibraryTest" time="0.003"/>
  <system-out><![CDATA[]]></system-out>
  <system-err><![CDATA[]]></system-err>
</testsuite>
