<?xml version="1.0" encoding="UTF-8"?>
<testsuite name="proj21_shoes.mapper.ProductMapperTest" tests="1" skipped="0" failures="0" errors="0" timestamp="2021-06-01T06:33:11" hostname="CLASS202-03" time="0.111">
  <properties/>
  <testcase name="testProductByAll" classname="proj21_shoes.mapper.ProductMapperTest" time="0.111"/>
  <system-out><![CDATA[DEBUG [Test worker] - ==>  Preparing: select * from product p join brand b on p.brand_code = b.brand_code join category c on c.product_category_code =p.product_category_code join employee e on e.emp_number = p.emp_number join authority a2 on e.authority_code = a2.authority_code left join orderoption o on o.product_code = p.product_code
DEBUG [Test worker] - ==> Parameters: 
TRACE [Test worker] - <==    Columns: product_code, product_name, brand_code, gender, product_category_code, material, season, made_date, costPrice, sell_Price, regist_date, cumulative_regist_count, cumulative_sell_count, emp_number, brand_code, brand_name, brand_eng_name, product_category_code, category, emp_number, emp_name, authority_code, emp_id, emp_pwd, email, tel_number, authority_code, authority, product_code, style_code, size, stock, color
TRACE [Test worker] - <==        Row: 1, 상품명, 1, 남, 1, 소재, 계절, 2021-06-01 12:47:18.0, 50000, 60000, 2021-06-01 12:47:18.0, 1, 1, 1, 1, 나이키, NIKE, 1, 슬리퍼, 1, 사원명, 1, 아이디, 비밀번호, 이메일, 전화번호, 1, 권한, 1, 1, 260, 1, 색상
TRACE [Test worker] - <==        Row: 2, 상품명, 1, 여, 1, 소재, 계절, 2021-06-01 12:47:18.0, 50000, 60000, 2021-06-01 12:47:18.0, 1, 1, 1, 1, 나이키, NIKE, 1, 슬리퍼, 1, 사원명, 1, 아이디, 비밀번호, 이메일, 전화번호, 1, 권한, null, null, null, null, null
TRACE [Test worker] - <==        Row: 3, 상품명, 1, 아동, 1, 소재, 계절, 2021-06-01 12:47:18.0, 50000, 60000, 2021-06-01 12:47:18.0, 1, 1, 1, 1, 나이키, NIKE, 1, 슬리퍼, 1, 사원명, 1, 아이디, 비밀번호, 이메일, 전화번호, 1, 권한, null, null, null, null, null
TRACE [Test worker] - <==        Row: 4, 상품명, 1, 남, 1, 소재, 계절, 2021-06-01 12:47:18.0, 50000, 60000, 2021-06-01 12:47:18.0, 1, 1, 1, 1, 나이키, NIKE, 1, 슬리퍼, 1, 사원명, 1, 아이디, 비밀번호, 이메일, 전화번호, 1, 권한, null, null, null, null, null
DEBUG [Test worker] - <==      Total: 4
DEBUG [Test worker] - [Product [productCode=1, productName=상품명, brand=Brand [brandCode=1, brandName=나이키, brandEngName=NIKE], gender=남, category=Category [productCategoryCode=1, category=슬리퍼], material=소재, season=계절, madeDate=2021-06-01T12:47:18, costPrice=50000, sellPrice=60000, registDate=2021-06-01T12:47:18, cumulativeRegistCount=1, cumulativeSellCount=1, employee=Employee [empNumber=1, empName=사원명, authority=Authority [authorityCode=1, authority=권한], empId=아이디, empPwd=비밀번호, email=이메일, telNumber=전화번호], orderOptions=[OrderOption [productCode=1, styleCode=1, size=260, stock=1, color=색상]], productPost=null], Product [productCode=2, productName=상품명, brand=Brand [brandCode=1, brandName=나이키, brandEngName=NIKE], gender=여, category=Category [productCategoryCode=1, category=슬리퍼], material=소재, season=계절, madeDate=2021-06-01T12:47:18, costPrice=50000, sellPrice=60000, registDate=2021-06-01T12:47:18, cumulativeRegistCount=1, cumulativeSellCount=1, employee=Employee [empNumber=1, empName=사원명, authority=Authority [authorityCode=1, authority=권한], empId=아이디, empPwd=비밀번호, email=이메일, telNumber=전화번호], orderOptions=[OrderOption [productCode=2, styleCode=0, size=0, stock=0, color=null]], productPost=null], Product [productCode=3, productName=상품명, brand=Brand [brandCode=1, brandName=나이키, brandEngName=NIKE], gender=아동, category=Category [productCategoryCode=1, category=슬리퍼], material=소재, season=계절, madeDate=2021-06-01T12:47:18, costPrice=50000, sellPrice=60000, registDate=2021-06-01T12:47:18, cumulativeRegistCount=1, cumulativeSellCount=1, employee=Employee [empNumber=1, empName=사원명, authority=Authority [authorityCode=1, authority=권한], empId=아이디, empPwd=비밀번호, email=이메일, telNumber=전화번호], orderOptions=[OrderOption [productCode=3, styleCode=0, size=0, stock=0, color=null]], productPost=null], Product [productCode=4, productName=상품명, brand=Brand [brandCode=1, brandName=나이키, brandEngName=NIKE], gender=남, category=Category [productCategoryCode=1, category=슬리퍼], material=소재, season=계절, madeDate=2021-06-01T12:47:18, costPrice=50000, sellPrice=60000, registDate=2021-06-01T12:47:18, cumulativeRegistCount=1, cumulativeSellCount=1, employee=Employee [empNumber=1, empName=사원명, authority=Authority [authorityCode=1, authority=권한], empId=아이디, empPwd=비밀번호, email=이메일, telNumber=전화번호], orderOptions=[OrderOption [productCode=4, styleCode=0, size=0, stock=0, color=null]], productPost=null]]

]]></system-out>
  <system-err><![CDATA[]]></system-err>
</testsuite>
