<?xml version="1.0" encoding="UTF-8"?>
<testsuite name="proj21_shoes.mapper.ProductMapperTest" tests="4" skipped="0" failures="0" errors="0" timestamp="2021-06-07T08:24:43" hostname="CLASS202-19" time="0.067">
  <properties/>
  <testcase name="test01ProductByAll" classname="proj21_shoes.mapper.ProductMapperTest" time="0.031"/>
  <testcase name="test97InsertProduct" classname="proj21_shoes.mapper.ProductMapperTest" time="0.018"/>
  <testcase name="test98UpdateProduct" classname="proj21_shoes.mapper.ProductMapperTest" time="0.009"/>
  <testcase name="test99DeleteProduct" classname="proj21_shoes.mapper.ProductMapperTest" time="0.007"/>
  <system-out><![CDATA[DEBUG [Test worker] - ==>  Preparing: select * from product p join brand b on p.brand_code = b.brand_code join category c on c.product_category_code =p.product_category_code join productpost p2 on p2.product_code = p.product_code WHERE p.brand_code = ?
DEBUG [Test worker] - ==> Parameters: 1(Integer)
TRACE [Test worker] - <==    Columns: product_code, product_name, brand_code, gender, product_category_code, material, season, made_date, costPrice, sell_Price, regist_date, cumulative_regist_count, cumulative_sell_count, emp_number, brand_code, brand_name, brand_eng_name, product_category_code, category, product_code, product_main_image, content
TRACE [Test worker] - <==        Row: 1, 상품명, 1, 남, 1, 소재, 계절, 2021-06-01 14:58:13.0, 50000, 60000, 2021-06-01 14:58:13.0, 1, 1, 1, 1, 나이키, NIKE, 1, 슬리퍼, 1, <<BLOB>>, 내용
DEBUG [Test worker] - <==      Total: 1
DEBUG [Test worker] - [Product [productCode=1, productName=상품명, brand=Brand [brandCode=1, brandName=나이키, brandEngName=NIKE], gender=남, category=Category [productCategoryCode=1, category=슬리퍼], material=소재, season=계절, madeDate=2021-06-01T14:58:13, costPrice=50000, sellPrice=60000, registDate=2021-06-01T14:58:13, cumulativeRegistCount=1, cumulativeSellCount=1, employee=null, orderOptions=null, productPost=ProductPost [productCode=1, productMainImage=[-20, -125, -127, -19, -110, -120, -21, -116, -128, -19, -111, -100, -20, -99, -76, -21, -81, -72, -20, -89, -128], content=내용, images=null]]]

DEBUG [Test worker] - test97InsertProduct()
DEBUG [Test worker] - Product [productCode=5, productName=운동화, brand=Brand [brandCode=1, brandName=null, brandEngName=null], gender=남, category=Category [productCategoryCode=1, category=null], material=가죽, season=겨울, madeDate=2021-06-07T17:24:43.609, costPrice=50000, sellPrice=80000, registDate=2021-06-07T17:24:43.609, cumulativeRegistCount=0, cumulativeSellCount=0, employee=Employee [empNumber=1, empName=null, authority=null, empId=null, empPwd=null, email=null, telNumber=null], orderOptions=null, productPost=null]
DEBUG [Test worker] - ==>  Preparing: insert into product (product_code, product_name, brand_code, gender, product_category_code, material, season, made_date, costPrice, sell_Price, regist_date, cumulative_regist_count, cumulative_sell_count, emp_number) values (?, ?, ?, ?, ?, ?, ?, ?, ?, ?, ?, ?, ?, ?)
DEBUG [Test worker] - ==> Parameters: 5(Integer), 운동화(String), 1(Integer), 남(String), 1(Integer), 가죽(String), 겨울(String), 2021-06-07T17:24:43.609(LocalDateTime), 50000(Integer), 80000(Integer), 2021-06-07T17:24:43.609(LocalDateTime), 0(Integer), 0(Integer), 1(Integer)
DEBUG [Test worker] - <==    Updates: 1

DEBUG [Test worker] - test98UpdateProduct()
DEBUG [Test worker] - Product [productCode=5, productName=구두, brand=Brand [brandCode=1, brandName=null, brandEngName=null], gender=여, category=Category [productCategoryCode=1, category=null], material=가죽, season=가을, madeDate=2021-06-07T17:24:43.623, costPrice=60000, sellPrice=90000, registDate=2021-06-07T17:24:43.623, cumulativeRegistCount=0, cumulativeSellCount=0, employee=Employee [empNumber=1, empName=null, authority=null, empId=null, empPwd=null, email=null, telNumber=null], orderOptions=null, productPost=null]
DEBUG [Test worker] - ==>  Preparing: update product set product_name = ?, brand_code = ?, gender = ?, product_category_code = ?, material = ?, season = ?, made_date = ?, costPrice = ?, sell_Price = ?, regist_date = ?, cumulative_regist_count = ?, cumulative_sell_count = ?, emp_number = ? where product_code = ?
DEBUG [Test worker] - ==> Parameters: 구두(String), 1(Integer), 여(String), 1(Integer), 가죽(String), 가을(String), 2021-06-07T17:24:43.623(LocalDateTime), 60000(Integer), 90000(Integer), 2021-06-07T17:24:43.623(LocalDateTime), 0(Integer), 0(Integer), 1(Integer), 5(Integer)
DEBUG [Test worker] - <==    Updates: 1

DEBUG [Test worker] - test99DeleteProduct()
DEBUG [Test worker] - Product [productCode=5, productName=null, brand=null, gender=null, category=null, material=null, season=null, madeDate=null, costPrice=0, sellPrice=0, registDate=null, cumulativeRegistCount=0, cumulativeSellCount=0, employee=null, orderOptions=null, productPost=null]
DEBUG [Test worker] - ==>  Preparing: delete from product where product_code = ?
DEBUG [Test worker] - ==> Parameters: 5(Integer)
DEBUG [Test worker] - <==    Updates: 1

]]></system-out>
  <system-err><![CDATA[]]></system-err>
</testsuite>
